Terminal log file
Date: 6/21/2017 - 9:32:55 AM
-----------------------------------------------
C0 00 03 10 04 5E 00 00 
00 00 04 00 00 00 00 00 00 00 00 00 00 00 00 00 
00 E9 01 02 40 9C F2 10 40 00 F0 10 40 68 05 00 
00 10 10 00 00 50 F5 10 40 1C 4B 00 40 CC 24 00 
40 FF FF FF 3F FF FF 0F 40 FF 7F 10 40 FF FF FF 
5F F0 FF FF 3F 00 10 00 00 1C E2 00 40 00 4A 00 
40 4C 4A 00 40 00 07 00 60 00 00 00 80 E8 2B 00 
40 F0 30 00 40 A0 2F 00 40 B7 1D C1 04 00 12 00 
60 00 10 00 EB 7C 12 00 60 12 C1 D0 09 B1 F9 A1 
FD 01 29 4F 38 4F 21 E6 FF 2A 23 4B 3F 0C 44 01 
E6 FF DB DC 00 00 8C 52 0C 12 86 07 00 00 00 21 
E1 FF 29 0F 28 0F 28 02 29 2F 28 0F 28 12 29 3F 
38 1F 8B 2F 01 DE FF DB DC 00 00 0C 02 1D 0F 08 
B1 F8 A1 12 C1 30 0D F0 00 00 00 12 C1 DB DC 09 
F1 F9 E1 FD 01 29 8F 28 8F 22 D2 10 29 0F 32 CF 
10 28 0F 42 A0 08 01 D1 FF DB DC 00 00 8C 0C CF 
DC 00 00 8C 32 0C 22 C6 23 00 28 00 00 8C 32 0F 
8B 22 29 0F 28 6F 29 3F 0C 02 22 4F 08 28 6F 29 
3F 0C 8B 22 29 0F 28 6F 29 3F 0C 02 22 4F 08 7F 
28 3F 31 C1 FF 27 33 04 0C 12 22 4F 08 28 3F 31 
BF FF 31 FF 27 33 04 0C 12 22 4F 08 28 3F 31 BF 
27 B3 0C 28 3F 31 BE FF 27 33 04 0C 12 22 4F 08 
28 3F 31 BC FF 23 30 20 20 74 8C 92 28 7F 38 0F 
2A 23 74 29 0F C6 06 00 38 3F 48 7F 28 0F 01 AC 
FF DB DC 38 3F 48 7F 00 00 8C 42 0C 32 46 09 00 
00 28 7F 38 0F 2A 23 29 0F 28 1F 1B 22 29 1F 22 
0F 11 38 1F D7 FF 11 A8 FF 28 5F 3D 02 A0 03 00 
0C F1 F8 E1 12 C1 40 0D F0 12 C1 B0 02 61 13 C2 
61 13 C2 61 08 13 C2 61 08 C1 12 D2 61 11 E2 61 
10 F9 F1 FD 01 29 8F 39 9F 49 AF 01 29 8F 39 9F 
49 AF 12 20 2D 01 ED 02 28 8F 20 20 04 CC 62 28 
9F 20 20 04 16 42 00 0C 4F 28 3F 8D D2 20 D0 C8 
11 28 3F 6D 02 0C 07 60 2D 25 11 D0 B7 11 B0 B2 
20 D0 A6 11 28 DB DC 22 11 20 11 DB DC 2D 01 2D 
02 29 5F 38 2D 02 29 5F 38 41 11 AF 28 3F 2A 23 
0B 32 28 3F 20 20 60 20 23 10 29 0F 28 32 28 3F 
20 20 60 20 23 23 0B 32 28 3F 20 20 60 8F 29 1F 
28 9F 29 2F 06 16 00 28 2F 38 3F 01 80 FF 38 3F 
01 80 FF 28 DB DC 00 00 01 7F FF DB DC 00 00 8C 
42 0C 00 00 38 5F 28 1F 48 3F 01 71 FF DB DC 00 
00 8C 00 8C 12 42 0C 32 06 0D 00 00 38 5F 28 2F 
48 3F 01 76 FF DB DC 00 00 8C 42 0C 42 06 08 00 
00 38 1F 38 2F 28 3F 2A 23 29 2F 38 0F 28 3F 20 
23 DB 28 3F 20 DC 29 0F 28 0F 56 12 FA 0C 02 1D 
0E 1D 0F 02 21 13 C2 02 21 13 21 12 D2 21 11 E2 
21 10 F8 F1 12 C1 50 0D F0 00 92 A0 A0 90 11 DB 
DC 02 61 27 F2 61 26 10 F1 20 22 A0 09 29 0F 22 
A0 00 45 DA FF 4B 2F C5 19 00 CC D2 85 26 00 4C 
02 01 5E FF DB DC 00 00 86 04 00 00 7C F2 29 2F 
0C 02 22 6F 28 2F 66 12 52 22 A0 63 01 55 FF DB 
DC 00 00 22 A0 63 01 A0 70 01 53 FF DB DC 00 00 
3C A2 01 51 FF DB DC 3C A2 01 51 FF DB DC 00 00 
00 01 50 FF DB DC 00 00 28 3F 38 4F 42 FF 29 0F 
01 4D FF DB DC 00 00 28 0F 22 C2 30 01 48 30 01 
48 E8 FF DB DC 00 00 0C A2 01 46 FF DB DC 00 00 
28 0F CC 82 7C F2 29 2F 22 2F 04 22 6F 03 28 2F 
66 02 44 22 A0 6C 01 3F FF DB DC 00 00 22 A0 64 
01 3D FF DB DC 00 00 0C A2 01 3B FF DB DC 00 00 
28 3F 05 29 0F 22 A0 65 01 37 FF DB DC 00 00 3C 
A2 01 35 35 FF FF DB DC 00 00 28 0F 22 C2 30 01 
32 FF DB DC 00 00 0C A2 01 30 FF DB DC 00 00 28 
0F 9C 62 21 2C FF 31 2B FF DB DC 20 00 42 23 00 
31 2A FF 30 34 20 DB DC 20 00 32 62 00 06 FF FF 
00 12 C1 D0 F9 B1 FD 01 29 4F 39 5F 49 6F C6 1C 
00 28 5F 1B 32 39 5F 22 02 00 22 4F 05 22 A0 80 
29 0F 86 16 00 00 38 4F 21 1C FF 20 43 10 0C 13 
0C 02 40 23 93 22 4F 04 32 0F 05 28 0F 20 23 10 
9C F2 42 0F 04 0C 13 0C 02 40 23 93 20 C0 C0 00 
03 10 04 E8 00 00 00 00 04 00 00 00 01 00 00 00 
00 00 00 00 00 00 00 00 20 23 74 0C 12 30 20 20 
74 22 4F 04 22 0F 04 20 20 04 F0 22 11 29 4F 22 
0F 04 8C 82 38 4F 21 0E FF 0E FF 04 28 4F 20 23 
30 29 4F 28 0F 20 21 41 29 0F 28 0F 56 02 FA 28 
6F 0B 32 39 6F 56 22 F8 28 4F 1D 0F F8 B1 0D F0 
12 C1 E0 09 71 F9 61 FD 01 29 0F 7C F2 38 0F 42 
F2 38 0F A0 7C 45 F5 FF 1D 0F 08 71 F8 61 12 C1 
20 0D F0 12 C1 D0 09 B1 F9 A1 FD 01 29 4F 2C 02 
29 1F 28 4F 29 2F 0C 02 29 0F C6 07 00 28 0F E0 
22 11 38 2F 2A 23 38 0F E0 43 11 31 F3 FE 3A 34 
DB DC 20 00 0F 1B 22 29 0F 38 0F 28 1F 27 33 D8 
28 4F C5 F9 4F C5 F9 02 28 FF 29 3F 28 4F 28 02 
20 20 04 CC 92 28 4F 32 22 1F 22 2F 03 27 13 04 
0C 12 46 00 00 0C 02 1D 0F 08 A1 12 C1 30 0D F0 
00 00 12 C1 D0 09 B1 F9 A1 FD 01 FD 01 29 4F 28 
4F 31 DE FE 39 02 22 02 28 4F 32 62 1F 2C 02 29 
1F 28 4F 29 2F 0C 02 29 28 4F 0F C6 07 00 28 0F 
E0 32 11 21 D4 FE 2A 23 38 0F 2A 23 38 0F E0 33 
11 48 2F 3A 34 38 03 DB DC 20 00 39 02 28 0F 1B 
22 29 0F 38 0F 28 1F 27 33 D8 1D 0F 08 B1 F8 A1 
12 C1 30 0D F0 12 C1 F0 F9 31 FD 01 21 C7 FE 0C 
20 00 39 02 21 C6 FE 0C 03 DB DC 20 00 39 02 1D 
1D DB DC 0F F8 31 12 C1 10 0D F0 00 00 00 00 76 
25 30 38 78 0A 00 00 00 00 00 00 68 F5 10 40 68 
F5 10 00 00 00 00 00 00 2D AA AA AA AA AA AA AA 
AA AA AA AA AA AA AA AA 00 AA AA AA AA AA AA AA 
AA AA AA AA AA AA AA AA AA AA AA AA AA AA AA AA 
AA AA AA AA AA AA AA AA AA AA AA AA AA AA AA AA 
AA AA AA AA AA AA AA AA AA AA AA AA AA AA AA AA 
AA AA AA AA AA AA AA AA AA AA AA AA AA AA AA AA 
AA AA AA AA AA AA AA AA AA AA AA AA AA AA AA AA 
AA AA AA AA AA AA AA AA AA AA AA AA AA AA AA AA 
AA AA AA AA AA AA AA AA AA AA AA AA AA AA AA AA 
AA AA AA AA AA AA AA AA AA AA AA AA AA AA AA AA 
AA AA AA AA AA AA AA AA AA AA AA AA AA AA AA AA 
AA AA AA AA AA AA AA AA AA AA AA AA AA AA AA AA 
AA AA AA AA AA AA AA AA AA AA AA AA AA AA AA AA 
AA AA AA AA AA AA AA AA AA AA AA AA AA AA AA AA 
AA AA AA AA AA AA AA AA AA AA AA AA AA AA AA AA 
AA AA AA AA AA AA AA AA AA AA AA AA AA AA AA AA 
AA AA AA AA AA AA AA AA AA AA AA AA AA AA AA AA 
AA AA AA AA AA AA AA AA AA AA AA AA AA AA AA AA 
AA AA AA AA AA AA AA AA AA AA AA AA AA AA AA AA 
AA AA AA AA AA AA AA AA AA AA AA AA AA AA AA AA 
AA AA AA AA AA AA AA AA AA AA AA AA AA AA AA AA 
AA AA AA AA AA AA AA AA AA AA AA AA AA AA AA AA 
AA AA AA AA AA AA AA AA AA AA AA AA AA AA AA AA 
AA AA AA AA AA AA AA AA AA AA AA AA AA AA AA AA 
AA AA AA AA AA AA AA AA AA AA AA AA AA AA AA AA 
AA AA AA AA AA AA AA AA AA AA AA AA AA AA AA AA 
AA AA AA AA AA AA AA AA AA AA AA AA AA AA AA AA 
AA AA AA AA AA AA AA AA AA AA AA AA AA AA AA AA 
AA AA AA AA AA AA AA AA AA AA AA AA AA AA AA AA 
AA AA AA AA AA AA AA AA AA AA AA AA AA AA AA AA 
AA AA AA AA AA AA AA AA AA AA AA AA AA AA AA AA 
AA AA AA AA AA AA AA AA AA AA AA AA AA AA AA AA 
AA AA AA AA AA AA AA AA AA AA AA AA AA AA AA AA 
AA AA AA AA AA AA AA AA AA AA AA AA AA AA AA AA 
AA AA AA AA AA AA AA AA AA AA AA AA AA AA AA AA 
AA AA AA AA AA AA AA AA AA AA AA AA AA AA AA AA 
AA AA AA AA AA AA AA AA AA AA AA AA AA AA AA AA 
AA AA AA AA AA AA AA AA AA AA AA AA AA AA AA AA 
AA AA AA AA AA AA AA AA AA AA AA AA AA AA AA AA 
AA AA AA AA AA AA AA AA AA AA AA AA AA AA AA AA 
AA AA AA AA AA AA AA AA AA C0 AA AA AA C0 AA AA 
C0 00 03 10 04 EF 00 00 00 00 04 00 00 02 00 00 
00 00 00 00 00 00 00 00 00 AA AA AA AA AA AA AA 
AA AA AA AA AA AA AA AA AA AA AA AA AA AA AA AA 
AA AA AA AA AA AA AA AA AA AA AA AA AA AA AA AA 
AA AA AA AA AA AA AA AA AA AA AA AA AA AA AA AA 
AA AA AA AA AA AA AA AA AA AA AA AA AA AA AA AA 
AA AA AA AA AA AA AA AA AA AA AA AA AA AA AA AA 
AA AA AA AA AA AA AA AA AA AA AA AA AA AA AA AA 
AA AA AA AA AA AA AA AA AA AA AA AA AA AA AA AA 
AA AA AA AA AA AA AA AA AA AA AA AA AA AA AA AA 
AA AA AA AA AA AA AA AA AA AA AA AA AA AA AA AA 
AA AA AA AA AA AA AA AA AA AA AA AA AA AA AA AA 
AA AA AA AA AA AA AA AA AA AA AA AA AA AA AA AA 
AA AA AA AA AA AA AA AA AA AA AA AA AA AA AA AA 
AA AA AA AA AA AA AA AA AA AA AA AA AA AA AA AA 
AA AA AA AA AA AA AA AA AA AA AA AA AA AA AA AA 
AA AA AA AA AA AA AA AA AA AA AA AA AA AA AA AA 
AA AA AA AA AA AA AA AA AA AA AA AA AA AA AA AA 
AA AA AA AA AA AA AA AA AA AA AA AA AA AA AA AA 
AA AA AA AA AA AA AA AA AA AA AA AA AA AA AA AA 
AA AA AA AA AA AA AA AA AA AA AA AA AA AA AA AA 
AA AA AA AA AA AA AA AA AA AA AA AA AA AA AA AA 
AA AA AA AA AA AA AA AA AA AA AA AA AA AA AA AA 
AA AA AA AA AA AA AA AA AA AA AA AA AA AA AA AA 
AA AA AA AA AA AA AA AA AA AA AA AA AA AA AA AA 
AA AA AA AA AA AA AA AA AA AA AA AA AA AA AA AA 
AA AA AA AA AA AA AA AA AA AA AA AA AA AA AA AA 
AA AA AA AA AA AA AA AA AA AA AA AA AA AA AA AA 
AA AA AA AA AA AA AA AA AA AA AA AA AA AA AA AA 
AA AA AA AA AA AA AA AA AA AA AA AA AA AA AA AA 
AA AA AA AA AA AA AA AA AA AA AA AA AA AA AA AA 
AA AA AA AA AA AA AA AA AA AA AA AA AA AA AA AA 
AA AA AA AA AA AA AA AA AA AA AA AA AA AA AA AA 
AA AA AA AA AA AA AA AA AA AA AA AA AA AA AA AA 
AA AA AA AA AA AA AA AA AA AA AA AA AA AA AA AA 
AA AA AA AA AA AA AA AA AA AA AA AA AA AA AA AA 
AA AA AA AA AA AA AA AA AA AA AA AA AA AA AA AA 
AA AA AA AA AA AA AA AA AA AA AA AA AA AA AA AA 
AA AA AA AA AA AA AA AA AA AA AA AA AA AA AA AA 
AA AA AA AA AA AA AA AA AA AA AA AA AA AA AA AA 
AA AA AA AA AA AA AA AA AA AA AA AA AA AA AA AA 
AA AA AA AA AA AA AA AA AA AA AA AA AA AA AA AA 
AA AA AA AA AA AA AA AA AA AA AA AA AA AA AA AA 
AA AA AA AA AA AA AA AA AA AA AA AA AA AA AA AA 
AA AA AA AA AA AA AA AA AA AA AA AA AA AA AA AA 
AA AA AA AA AA AA AA AA AA AA AA AA AA AA AA AA 
AA AA AA AA AA AA AA AA AA AA AA AA AA AA AA AA 
AA AA AA AA AA AA AA AA AA AA AA AA AA AA AA AA 
AA AA AA AA AA AA AA AA AA AA AA AA AA AA AA AA 
AA AA AA AA AA AA AA AA AA AA AA AA AA AA AA AA 
AA AA AA AA AA AA AA AA AA AA AA AA AA AA AA AA 
AA AA AA AA AA AA AA AA AA AA AA AA AA AA AA AA 
AA AA AA AA AA AA AA AA AA AA AA AA AA AA AA AA 
AA AA AA AA AA AA AA AA AA AA AA AA AA AA AA AA 
AA AA AA AA AA AA AA AA AA AA AA AA AA AA AA AA 
AA AA AA AA AA AA AA AA AA AA AA AA AA AA AA AA 
AA AA AA AA AA AA AA AA AA AA AA AA AA AA AA AA 
AA AA AA AA AA AA AA AA AA AA AA AA AA AA AA AA 
AA AA AA AA AA AA AA AA AA AA AA AA AA AA AA AA 
AA AA AA AA AA AA AA AA AA AA AA AA AA AA AA AA 
AA AA AA AA AA AA AA AA AA AA AA AA AA AA AA AA 
AA AA AA AA AA AA AA AA AA AA AA AA AA AA AA AA 
AA AA AA AA AA AA AA AA AA AA AA AA AA AA AA AA 
AA AA AA AA AA AA AA AA AA AA AA AA AA AA AA AA 
AA AA AA AA AA AA AA AA AA AA AA AA AA AA AA AA 
AA AA AA AA AA AA AA AA AA C0 C0 00 03 10 04 EF 
00 00 00 00 04 00 00 03 00 00 00 00 00 00 00 AA 
AA AA AA AA AA AA AA AA AA AA AA AA 00 00 00 00 
AA AA AA AA AA AA AA AA AA AA AA AA AA AA AA AA 
AA AA AA AA AA AA AA AA AA AA AA AA AA AA AA AA 
AA AA AA AA AA AA AA AA AA AA AA AA AA AA AA AA 
AA AA AA AA AA AA AA AA AA AA AA AA AA AA AA AA 
AA AA AA AA AA AA AA AA AA AA AA AA AA AA AA AA 
AA AA AA AA AA AA AA AA AA AA AA AA AA AA AA AA 
AA AA AA AA AA AA AA AA AA AA AA AA AA AA AA AA 
AA AA AA AA AA AA AA AA AA AA AA AA AA AA AA AA 
AA AA AA AA AA AA AA AA AA AA AA AA AA AA AA AA 
AA AA AA AA AA AA AA AA AA AA AA AA AA AA AA AA 
AA AA AA AA AA AA AA AA AA AA AA AA AA AA AA AA 
AA AA AA AA AA AA AA AA AA AA AA AA AA AA AA AA 
AA AA AA AA AA AA AA AA AA AA AA AA AA AA AA AA 
AA AA AA AA AA AA AA AA AA AA AA AA AA AA AA AA 
AA AA AA AA AA AA AA AA AA AA AA AA AA AA AA AA 
AA AA AA AA AA AA AA AA AA AA AA AA AA AA AA AA 
AA AA AA AA AA AA AA AA AA AA AA AA AA AA AA AA 
AA AA AA AA AA AA AA AA AA AA AA AA AA AA AA AA 
AA AA AA AA AA AA AA AA AA AA AA AA AA AA AA AA 
AA AA AA AA AA AA AA AA AA AA AA AA AA AA AA AA 
AA AA AA AA AA AA AA AA AA AA AA AA AA AA AA AA 
AA AA AA AA AA AA AA AA AA AA AA AA AA AA AA AA 
AA AA AA AA AA AA AA AA AA AA AA AA AA AA AA AA 
AA AA AA AA AA AA AA AA AA AA AA AA AA AA AA AA 
AA AA AA AA AA AA AA AA AA AA AA AA AA AA AA AA 
AA AA AA AA AA AA AA AA AA AA AA AA AA AA AA AA 
AA AA AA AA AA AA AA AA AA AA AA AA AA AA AA AA 
AA AA AA AA AA AA AA AA AA AA AA AA AA AA AA AA 
AA AA AA AA AA AA AA AA AA AA AA AA AA AA AA AA 
AA AA AA AA AA AA AA AA AA AA AA AA AA AA AA AA 
AA AA AA AA AA AA AA AA AA AA AA AA AA AA AA AA 
AA AA AA AA AA AA AA AA AA AA AA AA AA AA AA AA 
AA AA AA AA AA AA AA AA AA AA AA AA AA AA AA AA 
AA AA AA AA AA AA AA AA AA AA AA AA AA AA AA AA 
AA AA AA AA AA AA AA AA AA AA AA AA AA AA AA AA 
AA AA AA AA AA AA AA AA AA AA AA AA AA AA AA AA 
AA AA AA AA AA AA AA AA AA AA AA AA AA AA AA AA 
AA AA AA AA AA AA AA AA AA AA AA AA AA AA AA AA 
AA AA AA AA AA AA AA AA AA AA AA AA AA AA AA AA 
AA AA AA AA AA AA AA AA AA AA AA AA AA AA AA AA 
AA AA AA AA AA AA AA AA AA AA AA AA AA AA AA AA 
AA AA AA AA AA AA AA AA AA AA AA AA AA AA AA AA 
AA AA AA AA AA AA AA AA AA AA AA AA AA AA AA AA 
AA AA AA AA AA AA AA AA AA AA AA AA AA AA AA AA 
AA AA AA AA AA AA AA AA AA AA AA AA AA AA AA AA 
AA AA AA AA AA AA AA AA AA AA AA AA AA AA AA AA 
AA AA AA AA AA AA AA AA AA AA AA AA AA AA AA AA 
AA AA AA AA AA AA AA AA AA AA AA AA AA AA AA AA 
AA AA AA AA AA AA AA AA AA AA AA AA AA AA AA AA 
AA AA AA AA AA AA AA AA AA AA AA AA AA AA AA AA 
AA AA AA AA AA AA AA AA AA AA AA AA AA AA AA AA 
AA AA AA AA AA AA AA AA AA AA AA AA AA AA AA AA 
AA AA AA AA AA AA AA AA AA AA AA AA AA AA AA AA 
AA AA AA AA AA AA AA AA AA AA AA AA AA AA AA AA 
AA AA AA AA AA AA AA AA AA AA AA AA AA AA AA AA 
AA AA AA AA AA AA AA AA AA AA AA AA AA AA AA AA 
AA AA AA AA AA AA AA AA AA AA AA AA AA AA AA AA 
AA AA AA AA AA AA AA AA AA AA AA AA AA AA AA AA 
AA AA AA AA AA AA AA AA AA AA AA AA AA AA AA AA 
AA AA AA AA AA AA AA AA AA AA AA AA AA AA AA AA 
AA AA AA AA AA AA AA AA AA AA AA AA AA AA AA AA 
AA AA AA AA AA AA AA AA AA AA AA AA AA AA AA AA 
AA AA AA AA AA AA AA AA AA AA AA AA AA AA AA AA 
AA AA AA C0 C0 00 03 10 04 9E 00 00 00 00 04 00 
00 04 00 00 00 00 00 00 00 00 00 00 00 E9 04 02 
40 04 00 10 40 10 10 20 40 DB DC AB 03 00 12 C1 
E0 3D 01 0C A4 09 71 05 63 00 08 71 12 C1 20 0D 
F0 00 12 C1 F0 09 31 45 FE FF 08 31 3F 30 68 10 
40 12 C1 D0 D9 91 F9 71 5D 02 F9 71 5D 02 F0 00 
E8 8B DD 03 09 B1 C9 A1 E9 81 22 C4 FE 0C E3 FD 
04 27 B3 FE 08 0C 02 22 4D 00 46 12 00 00 50 E1 
60 CD 0D 2D 0E 3D 0F 59 01 01 F3 FF DB DC 00 00 
F0 32 31 EF FF EA E3 32 0E 00 32 4C 00 58 01 1B 
CC 8C 1B CC 8C DB DC 42 ED 02 C6 F5 FF 00 2D 0C 
D6 65 00 2C D3 1B CC 32 42 00 D0 2D 20 DB DC 3C 
20 C5 7E 05 22 A0 00 22 4C 00 08 B1 2D 0D C8 A1 
00 94 68 10 40 12 C1 D0 C9 A1 D9 91 F9 71 DD 03 
FD 02 CD 03 09 B1 E9 81 22 C4 FE 0C E3 27 B3 81 
22 C4 FE 0C E3 27 B3 DD 03 FD 00 08 0C 02 22 4D 
00 86 0D 00 00 2D 0F 3D 04 49 01 01 F4 FF DB DC 
00 00 48 01 ED 02 40 22 82 20 FF DB DC 21 CE FF 
FA F2 22 0F 00 22 4C 00 1B CC 8C 3E FD 0E 46 F5 
FF D0 2D 20 DB DC 3C 20 85 77 05 E2 4C 00 02 21 
0B 2D 0D C8 A1 D8 91 E8 81 F8 71 12 C1 30 0D F0 
12 C1 F0 09 31 45 24 0B 08 31 12 C1 10 0D F0 00 
B0 F7 FE 3F AC F7 FE 3F 68 5A 10 40 12 C1 F0 02 
61 03 01 FD FF DB DC 00 00 31 FA FF 58 03 4D 03 
58 03 1B 55 52 63 00 08 31 29 04 12 C1 10 0D F0 
00 C1 10 0D F0 00 FF 00 00 C8 F7 FE 3F 2C 11 20 
40 FC 4F D4 50 10 40 12 C1 F0 C9 21 09 31 D9 11 
CD 02 11 CD 02 51 10 40 AC 22 D1 F7 FF 31 F8 FF 
2D 0D 42 A0 00 01 F7 00 00 2D 0D 3D 0C 0C 04 0C 
15 01 F4 FF DB DC 00 00 00 00 DC 06 01 00 00 00 
C5 1B 0B C5 18 0B 8C FF DB DC 00 00 08 31 C8 21 
D8 11 12 C1 10 0D F0 C1 10 0D F0 01 F0 00 00 00 
B4 F7 FE 3F 48 11 20 40 60 EA F0 09 31 C9 21 85 
3C 00 05 0C 0C 04 01 E0 FF DB DC 00 00 0C 14 31 
0C 5D 04 01 DD FF DB DC 00 00 08 31 C8 21 12 C1 
10 21 12 C1 00 08 31 C8 21 12 C1 10 2D 21 12 C1 
10 0D F0 00 00 00 CA 00 00 18 14 03 00 60 64 83 
FE 3F 00 08 00 60 10 03 00 60 A0 07 00 60 90 07 
00 60 74 07 00 60 20 20 74 0C F4 30 30 74 27 B4 
02 46 BE 00 42 A0 F8 47 13 02 46 26 00 31 F2 FF 
42 A7 80 3A 32 E0 33 11 DB DC 20 00 58 03 61 F0 
FF 40 45 10 DB DC 20 00 49 03 0C 14 31 EC FF 00 
12 40 00 54 A1 DB DC 20 00 59 03 2A 36 92 03 00 
31 E9 FF 7C D5 3A 99 50 52 10 0C 03 0B 75 8D 03 
70 84 93 80 70 74 8D 06 37 17 02 20 34 83 80 A3 
11 0C 03 62 C2 F4 37 17 19 60 40 74 0C 17 B6 44 
01 7D 03 0C 13 B2 34 20 30 30 74 B0 33 11 60 60 
74 A0 33 20 0C B6 46 04 B6 25 01 1C 04 40 43 20 
DB DC 20 00 49 49 43 20 DB DC 20 00 49 70 09 26 
32 02 06 AC 00 32 08 03 46 65 00 0C 85 50 53 10 
16 B5 07 41 C9 FF 52 A7 80 4A 42 E0 44 11 DB DC 
20 00 68 04 0C 09 50 56 10 DB DC 20 00 59 04 41 
C4 FF 0C 15 00 12 40 00 55 A1 DB DC 20 00 59 04 
0C 46 30 44 41 60 64 10 81 BF FF 52 A1 00 0C 2B 
60 59 83 B0 B4 10 2C 06 2A 88 B0 69 83 A2 08 00 
50 66 20 71 B9 FF 40 50 04 DB DC 55 11 7A AA 60 
55 20 DB DC 20 00 59 0A 22 C2 F3 97 12 06 8C 00 
22 08 00 7A 22 06 46 00 00 00 7C D6 60 22 06 46 
00 00 00 7C D6 43 10 26 14 02 06 20 00 71 AA FF 
60 62 10 2A 77 82 77 82 07 00 71 A8 FF 7A 88 7D 
05 60 74 93 6D 07 7D 05 8C B6 72 C2 FC 70 70 74 
F6 27 01 4D 05 7D 04 0C 05 B0 77 11 57 16 0B 42 
C2 FC 40 40 74 B6 24 02 52 A0 10 41 99 FF 70 55 
20 4A 42 DB DC 20 00 59 08 E0 44 11 DB DC 20 00 
68 04 52 A7 80 50 56 10 DB DC 20 00 59 04 66 33 
0E DB DC 20 00 58 04 0C 43 30 35 20 DB DC 20 00 
39 04 0C 13 00 12 40 00 23 A1 31 8E FF DB DC 20 
00 29 03 0D F0 00 56 34 09 C0 C0 00 03 10 00 00 
00 04 00 00 05 00 00 00 00 00 00 00 00 00 00 00 
00 00 00 51 89 FF 60 62 10 2A 75 92 07 00 71 87 
FF 8D 04 7A 99 0C 17 60 87 93 6D 08 8D 05 5D 04 
8C B6 A2 C2 FC 5D 07 A0 70 74 F6 27 01 5D 04 B0 
55 11 CC 56 0C 04 06 03 00 00 00 42 C2 FC 40 40 
EF 1C 04 50 44 20 DB DC 20 00 49 09 0C 15 41 74 
74 B6 24 FF 00 12 40 00 55 A1 DB DC 20 00 59 04 
41 70 A7 80 4A 42 E0 44 11 DB DC 20 00 68 04 50 
56 10 0C 10 0C 46 60 55 20 DB DC 20 00 59 04 26 
23 02 46 46 00 2A 28 32 02 00 21 69 FF 2A 23 DB 
DC 20 00 48 02 32 A0 80 C6 3E 00 00 26 54 02 46 
3F 00 71 62 FF 60 62 10 2A 47 92 04 00 41 60 FF 
0C 18 4A 99 4D 05 60 48 6D 04 4D 05 8C B6 A2 C2 
FC 4D 08 A0 80 74 F6 28 01 4D 01 05 B0 54 11 CC 
56 0C 04 06 03 00 00 00 42 C2 FC 40 40 74 B6 24 
EF 1C 04 50 44 20 DB DC 20 00 49 09 0C 15 41 4E 
FF 00 12 40 00 55 A1 DB DC 20 00 59 04 2A 77 41 
4C FF 66 53 24 32 07 00 4A 43 DB DC 20 00 58 04 
32 A0 80 30 35 20 DB DC 20 00 39 04 31 43 FF 3A 
22 E0 22 11 32 A6 04 C6 1C 00 00 00 32 07 00 4A 
33 DB DC 20 00 58 03 4C 04 40 45 20 DB DC 20 00 
49 03 31 3A FF 3A 22 E0 22 11 32 A6 84 C6 13 00 
00 00 66 B2 50 21 3A FF 0C 14 DB DC 20 00 49 02 
41 38 FF 0C 05 DB DC 20 00 59 04 7C B4 47 83 23 
66 43 10 DB DC 20 00 48 02 32 A0 08 30 34 20 DB 
DC 20 00 32 62 00 21 31 FF 7C E3 DB DC 20 00 48 
02 30 34 10 46 03 00 66 13 10 21 2C FF DB DC 20 
00 48 02 30 34 20 DB DC 20 00 32 62 00 0D F0 00 
00 0C 00 00 60 0C 0F 00 60 20 6B 10 40 DC F7 FE 
3F 88 0F 00 40 A8 0F 00 40 12 C1 F0 0C 02 31 D9 
11 05 4C 22 21 F6 FF 0C 0C DB DC 20 00 C9 02 21 
C9 02 21 F5 FF DB DC 20 00 C2 62 00 DB DC 2C 20 
32 A0 00 C2 CC 01 C5 C5 FF 66 6C F0 0C CC 1C 1D 
DB DC 2C 00 C2 CC 01 85 C4 FF D7 9C F0 31 EB FF 
41 EB FF 0C FF 0C A0 42 01 EB FF DB DC 00 00 1C 
02 01 EA FF DB DC 00 00 08 31 C8 21 D8 11 12 C1 
10 0D F0 1F 00 80 00 42 C2 F7 1C 73 0C 02 47 33 
11 32 40 00 43 A1 50 44 10 40 23 93 0D F0 00 00 
00 00 93 0D F0 00 00 00 00 00 80 FF FF FF 7F 60 
F8 FE 3F E0 68 10 40 12 C1 DB DC D2 61 0D E2 61 
0C F2 61 0B 09 F1 C9 E1 29 01 DD 03 ED 04 FD 02 
C2 0F 00 1B 5F 2D 0C 59 71 C5 FA FF 58 71 8C 32 
FD 05 86 FA FF 2C D3 37 9C 09 2B 5F C2 0F 01 0C 
17 C6 02 00 7D 02 2C B2 27 9C 04 C2 0F 01 2B 5F 
6C F2 20 2E 10 EC C2 0C 13 E0 23 83 3C 03 20 20 
74 37 9C 1B 62 05 00 32 A0 DF 30 66 00 C2 05 01 
1C 0E 2B 55 46 01 00 00 0C A3 20 E3 93 00 00 0C 
A3 20 E3 93 34 21 DC FF 61 DD FF 3D 0E 70 62 93 
2D 06 59 71 79 61 69 51 01 DB DD FF DB DC 00 00 
68 51 3D 0E FD 02 2D 06 01 74 FE DB DC 00 00 0C 
06 58 71 78 61 8D 02 3D 06 0C 99 1C 9A 22 CC D0 
27 39 05 CD 02 46 0C 00 00 2D 0C 39 11 59 71 69 
51 79 61 89 21 99 31 A2 61 04 05 38 11 58 71 68 
51 78 61 88 21 98 31 A8 41 CC BF 5C 72 B7 3A 01 
3C 72 20 CC DB DC E7 AC 21 21 02 B2 21 02 96 46 
01 37 38 11 C7 AF 04 7C F6 87 13 0B 0C 16 3A 3C 
46 00 00 7C F6 C2 05 00 1B 55 46 E7 46 E7 82 FF 
66 06 14 21 B6 FF 31 B6 FF 2C 24 70 32 93 21 B5 
FF 49 02 CC DD 06 06 00 30 20 60 70 32 93 8C FD 
E8 01 8C 06 0B E5 E9 0D 46 01 00 00 0C 83 06 CD 
FF 03 C8 E1 D8 D1 E8 C1 F8 B1 12 C1 40 0D F0 00 
00 08 F1 2D 08 8C FE 3F 20 30 74 3C F4 3C D2 37 
34 07 21 FC FF 3A 32 22 03 00 0D F0 12 C1 D0 D9 
91 C9 A1 09 B1 E9 81 F9 71 39 01 CD 05 E2 05 04 
26 12 E2 05 04 26 12 05 48 8C 72 66 22 02 06 1F 
00 C6 34 00 5D 04 28 01 27 9D 0C 0C 02 29 0C E2 
4C 04 40 25 DB DC 46 30 00 E2 0D 00 72 C5 01 E0 
22 C0 
-----------------------------------------------
Date: 6/21/2017 - 9:33:51 AM
End log file
